<?xml version="1.0" encoding="UTF-8"?>
<!-- Generated by org.testng.reporters.JUnitReportReporter -->
<testsuite hostname="Meenu-PC" failures="0" tests="3" name="com.TestLayer.CheckoutTest" time="19.642" errors="0" timestamp="26 Jul 2022 11:00:41 GMT">
  <testcase classname="com.TestLayer.CheckoutTest" name="register" time="2.164"/>
  <testcase classname="com.TestLayer.CheckoutTest" name="addToCart1" time="12.343"/>
  <testcase classname="com.TestLayer.CheckoutTest" name="checkout1" time="5.135"/>
</testsuite> <!-- com.TestLayer.CheckoutTest -->
