<?xml version="1.0" encoding="UTF-8"?>
<!-- Generated by org.testng.reporters.JUnitReportReporter -->
<testsuite hostname="Meenu-PC" failures="0" tests="1" name="com.TestLayer.AddProductToCartTest" time="48.248" errors="0" timestamp="24 Jul 2022 11:32:58 GMT">
  <testcase classname="com.TestLayer.AddProductToCartTest" name="addToCart" time="48.248"/>
</testsuite> <!-- com.TestLayer.AddProductToCartTest -->
